0 info it worked if it ends with ok
1 verbose cli [ '/Users/janfanslau/.nvm/versions/node/v4.7.3/bin/node',
1 verbose cli   '/Users/janfanslau/.nvm/versions/node/v4.7.3/lib/node_modules/npm/bin/npm-cli.js',
1 verbose cli   'run',
1 verbose cli   'run',
1 verbose cli   '--scripts-prepend-node-path=auto' ]
2 info using npm@2.15.11
3 info using node@v4.7.3
4 verbose run-script [ 'prerun', 'run', 'postrun' ]
5 info prerun hygro@1.0.0
6 info run hygro@1.0.0
7 verbose unsafe-perm in lifecycle true
8 info hygro@1.0.0 Failed to exec run script
9 verbose stack Error: hygro@1.0.0 run: `node index.js`
9 verbose stack Exit status 1
9 verbose stack     at EventEmitter.<anonymous> (/Users/janfanslau/.nvm/versions/node/v4.7.3/lib/node_modules/npm/lib/utils/lifecycle.js:217:16)
9 verbose stack     at emitTwo (events.js:87:13)
9 verbose stack     at EventEmitter.emit (events.js:172:7)
9 verbose stack     at ChildProcess.<anonymous> (/Users/janfanslau/.nvm/versions/node/v4.7.3/lib/node_modules/npm/lib/utils/spawn.js:24:14)
9 verbose stack     at emitTwo (events.js:87:13)
9 verbose stack     at ChildProcess.emit (events.js:172:7)
9 verbose stack     at maybeClose (internal/child_process.js:854:16)
9 verbose stack     at Process.ChildProcess._handle.onexit (internal/child_process.js:222:5)
10 verbose pkgid hygro@1.0.0
11 verbose cwd /Users/janfanslau/Documents/Sevenval/Projects/Playground/arduino/hygrotest
12 error Darwin 16.7.0
13 error argv "/Users/janfanslau/.nvm/versions/node/v4.7.3/bin/node" "/Users/janfanslau/.nvm/versions/node/v4.7.3/lib/node_modules/npm/bin/npm-cli.js" "run" "run" "--scripts-prepend-node-path=auto"
14 error node v4.7.3
15 error npm  v2.15.11
16 error code ELIFECYCLE
17 error hygro@1.0.0 run: `node index.js`
17 error Exit status 1
18 error Failed at the hygro@1.0.0 run script 'node index.js'.
18 error This is most likely a problem with the hygro package,
18 error not with npm itself.
18 error Tell the author that this fails on your system:
18 error     node index.js
18 error You can get information on how to open an issue for this project with:
18 error     npm bugs hygro
18 error Or if that isn't available, you can get their info via:
18 error
18 error     npm owner ls hygro
18 error There is likely additional logging output above.
19 verbose exit [ 1, true ]
